<?xml version="1.0" encoding="UTF-8"?>
<!-- Generated by org.testng.reporters.JUnitReportReporter -->
<testsuite hostname="LAPTOP-2EUUN60H" failures="0" tests="2" name="basic.testcases.CreateRepoTest" time="9.148" errors="0" timestamp="2024-11-15T22:52:08 IST" skipped="0">
  <testcase classname="basic.testcases.CreateRepoTest" name="createRepoTestCase" time="6.794"/>
  <testcase classname="basic.testcases.CreateRepoTest" name="createRepositoryTestCase" time="2.354"/>
</testsuite> <!-- basic.testcases.CreateRepoTest -->
