<?xml version="1.0" encoding="UTF-8"?>
<!-- Generated by org.testng.reporters.JUnitReportReporter -->
<testsuite hostname="LAPTOP-2EUUN60H" failures="0" tests="4" name="basic.testcases.CreateRepoTest" time="10.978" errors="0" timestamp="2024-11-16T11:46:21 IST" skipped="0">
  <testcase classname="basic.testcases.CreateRepoTest" name="deletRepo" time="1.368"/>
  <testcase classname="basic.testcases.CreateRepoTest" name="createRepositoryTestCase" time="2.648"/>
  <testcase classname="basic.testcases.CreateRepoTest" name="createRepoTestCase" time="5.021"/>
  <testcase classname="basic.testcases.CreateRepoTest" name="deletRepoPOJO" time="1.941"/>
</testsuite> <!-- basic.testcases.CreateRepoTest -->
